app/build/intermediates/manifest_merge_blame_file/debug/manifest-merger-blame-debug-report.txt
1<?xml version="1.0" encoding="utf-8"?>
2<manifest xmlns:android="http://schemas.android.com/apk/res/android"
3    package="com.br.projetofinal"
4    android:versionCode="1"
5    android:versionName="1.0" >
6
7    <uses-sdk
8        android:minSdkVersion="21"
8-->src\main\AndroidManifest.xml
9        android:targetSdkVersion="29" />
9-->src\main\AndroidManifest.xml
10
11    <uses-permission android:name="android.permission.CAMERA" />
11-->src\main\AndroidManifest.xml:5:5-65
11-->src\main\AndroidManifest.xml:5:22-62
12    <uses-permission android:name="android.permission.READ_EXTERNAL_STORAGE" />
12-->src\main\AndroidManifest.xml:6:5-80
12-->src\main\AndroidManifest.xml:6:22-77
13    <uses-permission android:name="android.permission.WRITE_EXTERNAL_STORAGE" />
13-->src\main\AndroidManifest.xml:7:5-81
13-->src\main\AndroidManifest.xml:7:22-78
14    <uses-permission android:name="android.permission.ACCESS_MEDIA_LOCATION" />
14-->src\main\AndroidManifest.xml:8:5-80
14-->src\main\AndroidManifest.xml:8:22-77
15
16    <uses-feature android:name="android.hardware.camera2" />
16-->src\main\AndroidManifest.xml:10:5-61
16-->src\main\AndroidManifest.xml:10:19-58
17
18    <!-- Although the *SdkVersion is captured in gradle build files, this is required for non gradle builds -->
19    <!-- <uses-sdk android:minSdkVersion="14" /> -->
20    <uses-permission android:name="android.permission.ACCESS_NETWORK_STATE" />
20-->[com.google.firebase:firebase-firestore:21.4.1] AndroidManifest.xml:13:5-79
20-->[com.google.firebase:firebase-firestore:21.4.1] AndroidManifest.xml:13:22-76
21    <uses-permission android:name="android.permission.INTERNET" />
21-->[com.google.firebase:firebase-firestore:21.4.1] AndroidManifest.xml:14:5-67
21-->[com.google.firebase:firebase-firestore:21.4.1] AndroidManifest.xml:14:22-64
22
23    <uses-feature
23-->[com.google.android.gms:play-services-maps:17.0.0] AndroidManifest.xml:26:5-28:35
24        android:glEsVersion="0x00020000"
24-->[com.google.android.gms:play-services-maps:17.0.0] AndroidManifest.xml:27:9-41
25        android:required="true" />
25-->[com.google.android.gms:play-services-maps:17.0.0] AndroidManifest.xml:28:9-32
26
27    <uses-permission android:name="android.permission.WAKE_LOCK" /> <!-- Required by older versions of Google Play services to create IID tokens -->
27-->[com.google.android.gms:play-services-measurement-api:17.2.3] AndroidManifest.xml:24:5-68
27-->[com.google.android.gms:play-services-measurement-api:17.2.3] AndroidManifest.xml:24:22-65
28    <uses-permission android:name="com.google.android.c2dm.permission.RECEIVE" />
28-->[com.google.firebase:firebase-iid:20.0.2] AndroidManifest.xml:26:5-82
28-->[com.google.firebase:firebase-iid:20.0.2] AndroidManifest.xml:26:22-79
29    <uses-permission android:name="com.google.android.finsky.permission.BIND_GET_INSTALL_REFERRER_SERVICE" />
29-->[com.google.android.gms:play-services-measurement:17.2.3] AndroidManifest.xml:26:5-110
29-->[com.google.android.gms:play-services-measurement:17.2.3] AndroidManifest.xml:26:22-107
30
31    <application
31-->src\main\AndroidManifest.xml:12:5-44:19
32        android:allowBackup="true"
32-->src\main\AndroidManifest.xml:13:9-35
33        android:appComponentFactory="androidx.core.app.CoreComponentFactory"
33-->[androidx.core:core:1.1.0] AndroidManifest.xml:24:18-86
34        android:debuggable="true"
35        android:icon="@mipmap/ic_launcher"
35-->src\main\AndroidManifest.xml:14:9-43
36        android:label="@string/app_name"
36-->src\main\AndroidManifest.xml:15:9-41
37        android:roundIcon="@mipmap/ic_launcher_round"
37-->src\main\AndroidManifest.xml:16:9-54
38        android:supportsRtl="true"
38-->src\main\AndroidManifest.xml:17:9-35
39        android:testOnly="true"
40        android:theme="@style/AppTheme" >
40-->src\main\AndroidManifest.xml:18:9-40
41        <activity android:name="com.br.projetofinal.fragments.MainFragment" />
41-->src\main\AndroidManifest.xml:19:9-59
41-->src\main\AndroidManifest.xml:19:19-57
42        <activity
42-->src\main\AndroidManifest.xml:20:9-22:75
43            android:name="com.br.projetofinal.activities.CreateContentActivity"
43-->src\main\AndroidManifest.xml:21:13-61
44            android:parentActivityName="com.br.projetofinal.activities.NavigationActivity" />
44-->src\main\AndroidManifest.xml:22:13-72
45        <activity android:name="com.br.projetofinal.activities.NavigationActivity" />
45-->src\main\AndroidManifest.xml:23:9-67
45-->src\main\AndroidManifest.xml:23:19-64
46        <activity android:name="com.br.projetofinal.activities.MainActivity" >
46-->src\main\AndroidManifest.xml:24:9-31:20
46-->src\main\AndroidManifest.xml:24:19-58
47            <intent-filter>
47-->src\main\AndroidManifest.xml:25:13-30:29
48                <action android:name="android.intent.action.VIEW" />
48-->src\main\AndroidManifest.xml:26:17-69
48-->src\main\AndroidManifest.xml:26:25-66
49                <action android:name="android.intent.action.MAIN" />
49-->src\main\AndroidManifest.xml:27:17-69
49-->src\main\AndroidManifest.xml:27:25-66
50
51                <category android:name="android.intent.category.LAUNCHER" />
51-->src\main\AndroidManifest.xml:29:17-77
51-->src\main\AndroidManifest.xml:29:27-74
52            </intent-filter>
53        </activity>
54        <activity
54-->src\main\AndroidManifest.xml:33:9-125
55            android:name="com.br.projetofinal.activities.SettingsActivity"
55-->src\main\AndroidManifest.xml:33:19-62
56            android:parentActivityName="com.br.projetofinal.activities.NavigationActivity" />
56-->src\main\AndroidManifest.xml:33:63-122
57
58        <provider
58-->src\main\AndroidManifest.xml:35:9-43:20
59            android:name="androidx.core.content.FileProvider"
59-->src\main\AndroidManifest.xml:36:13-62
60            android:authorities="com.br.projetofinal.fileprovider"
60-->src\main\AndroidManifest.xml:37:13-67
61            android:exported="false"
61-->src\main\AndroidManifest.xml:38:13-37
62            android:grantUriPermissions="true" >
62-->src\main\AndroidManifest.xml:39:13-47
63            <meta-data
63-->src\main\AndroidManifest.xml:40:13-42:54
64                android:name="android.support.FILE_PROVIDER_PATHS"
64-->src\main\AndroidManifest.xml:41:17-67
65                android:resource="@xml/file_paths" />
65-->src\main\AndroidManifest.xml:42:17-51
66        </provider>
67
68        <activity
68-->[com.google.firebase:firebase-auth:19.3.0] AndroidManifest.xml:24:9-31:50
69            android:name="com.google.firebase.auth.internal.FederatedSignInActivity"
69-->[com.google.firebase:firebase-auth:19.3.0] AndroidManifest.xml:25:13-85
70            android:excludeFromRecents="true"
70-->[com.google.firebase:firebase-auth:19.3.0] AndroidManifest.xml:26:13-46
71            android:exported="true"
71-->[com.google.firebase:firebase-auth:19.3.0] AndroidManifest.xml:27:13-36
72            android:launchMode="singleTask"
72-->[com.google.firebase:firebase-auth:19.3.0] AndroidManifest.xml:28:13-44
73            android:permission="com.google.firebase.auth.api.gms.permission.LAUNCH_FEDERATED_SIGN_IN"
73-->[com.google.firebase:firebase-auth:19.3.0] AndroidManifest.xml:29:13-102
74            android:theme="@android:style/Theme.Translucent.NoTitleBar" />
74-->[com.google.firebase:firebase-auth:19.3.0] AndroidManifest.xml:30:13-72
75
76        <service
76-->[com.google.firebase:firebase-auth:19.3.0] AndroidManifest.xml:33:9-39:19
77            android:name="com.google.firebase.components.ComponentDiscoveryService"
77-->[com.google.firebase:firebase-auth:19.3.0] AndroidManifest.xml:34:13-84
78            android:directBootAware="true"
78-->[com.google.firebase:firebase-common:19.3.0] AndroidManifest.xml:34:13-43
79            android:exported="false" >
79-->[com.google.firebase:firebase-auth:19.3.0] AndroidManifest.xml:35:13-37
80            <meta-data
80-->[com.google.firebase:firebase-auth:19.3.0] AndroidManifest.xml:36:13-38:85
81                android:name="com.google.firebase.components:com.google.firebase.auth.FirebaseAuthRegistrar"
81-->[com.google.firebase:firebase-auth:19.3.0] AndroidManifest.xml:37:17-109
82                android:value="com.google.firebase.components.ComponentRegistrar" />
82-->[com.google.firebase:firebase-auth:19.3.0] AndroidManifest.xml:38:17-82
83            <meta-data
83-->[com.google.firebase:firebase-firestore:21.4.1] AndroidManifest.xml:20:13-22:85
84                android:name="com.google.firebase.components:com.google.firebase.firestore.FirestoreRegistrar"
84-->[com.google.firebase:firebase-firestore:21.4.1] AndroidManifest.xml:21:17-111
85                android:value="com.google.firebase.components.ComponentRegistrar" />
85-->[com.google.firebase:firebase-firestore:21.4.1] AndroidManifest.xml:22:17-82
86            <meta-data
86-->[com.google.firebase:firebase-storage:19.1.1] AndroidManifest.xml:33:13-35:85
87                android:name="com.google.firebase.components:com.google.firebase.storage.StorageRegistrar"
87-->[com.google.firebase:firebase-storage:19.1.1] AndroidManifest.xml:34:17-107
88                android:value="com.google.firebase.components.ComponentRegistrar" />
88-->[com.google.firebase:firebase-storage:19.1.1] AndroidManifest.xml:35:17-82
89            <meta-data
89-->[com.google.android.gms:play-services-measurement-api:17.2.3] AndroidManifest.xml:30:13-32:85
90                android:name="com.google.firebase.components:com.google.firebase.analytics.connector.internal.AnalyticsConnectorRegistrar"
90-->[com.google.android.gms:play-services-measurement-api:17.2.3] AndroidManifest.xml:31:17-139
91                android:value="com.google.firebase.components.ComponentRegistrar" />
91-->[com.google.android.gms:play-services-measurement-api:17.2.3] AndroidManifest.xml:32:17-82
92            <meta-data
92-->[com.google.firebase:firebase-iid:20.0.2] AndroidManifest.xml:32:13-34:85
93                android:name="com.google.firebase.components:com.google.firebase.iid.Registrar"
93-->[com.google.firebase:firebase-iid:20.0.2] AndroidManifest.xml:33:17-96
94                android:value="com.google.firebase.components.ComponentRegistrar" />
94-->[com.google.firebase:firebase-iid:20.0.2] AndroidManifest.xml:34:17-82
95        </service> <!-- Needs to be explicitly declared on P+ -->
96        <uses-library
96-->[com.google.android.gms:play-services-maps:17.0.0] AndroidManifest.xml:33:9-35:40
97            android:name="org.apache.http.legacy"
97-->[com.google.android.gms:play-services-maps:17.0.0] AndroidManifest.xml:34:13-50
98            android:required="false" />
98-->[com.google.android.gms:play-services-maps:17.0.0] AndroidManifest.xml:35:13-37
99
100        <receiver
100-->[com.google.firebase:firebase-iid:20.0.2] AndroidManifest.xml:37:9-44:20
101            android:name="com.google.firebase.iid.FirebaseInstanceIdReceiver"
101-->[com.google.firebase:firebase-iid:20.0.2] AndroidManifest.xml:38:13-78
102            android:exported="true"
102-->[com.google.firebase:firebase-iid:20.0.2] AndroidManifest.xml:39:13-36
103            android:permission="com.google.android.c2dm.permission.SEND" >
103-->[com.google.firebase:firebase-iid:20.0.2] AndroidManifest.xml:40:13-73
104            <intent-filter>
104-->[com.google.firebase:firebase-iid:20.0.2] AndroidManifest.xml:41:13-43:29
105                <action android:name="com.google.android.c2dm.intent.RECEIVE" />
105-->[com.google.firebase:firebase-iid:20.0.2] AndroidManifest.xml:42:17-81
105-->[com.google.firebase:firebase-iid:20.0.2] AndroidManifest.xml:42:25-78
106            </intent-filter>
107        </receiver>
108
109        <activity
109-->[com.google.android.gms:play-services-base:17.1.0] AndroidManifest.xml:23:9-26:75
110            android:name="com.google.android.gms.common.api.GoogleApiActivity"
110-->[com.google.android.gms:play-services-base:17.1.0] AndroidManifest.xml:24:13-79
111            android:exported="false"
111-->[com.google.android.gms:play-services-base:17.1.0] AndroidManifest.xml:25:13-37
112            android:theme="@android:style/Theme.Translucent.NoTitleBar" />
112-->[com.google.android.gms:play-services-base:17.1.0] AndroidManifest.xml:26:13-72
113
114        <receiver
114-->[com.google.android.gms:play-services-measurement:17.2.3] AndroidManifest.xml:29:9-33:20
115            android:name="com.google.android.gms.measurement.AppMeasurementReceiver"
115-->[com.google.android.gms:play-services-measurement:17.2.3] AndroidManifest.xml:30:13-85
116            android:enabled="true"
116-->[com.google.android.gms:play-services-measurement:17.2.3] AndroidManifest.xml:31:13-35
117            android:exported="false" >
117-->[com.google.android.gms:play-services-measurement:17.2.3] AndroidManifest.xml:32:13-37
118        </receiver>
119        <receiver
119-->[com.google.android.gms:play-services-measurement:17.2.3] AndroidManifest.xml:34:9-42:20
120            android:name="com.google.android.gms.measurement.AppMeasurementInstallReferrerReceiver"
120-->[com.google.android.gms:play-services-measurement:17.2.3] AndroidManifest.xml:35:13-100
121            android:enabled="true"
121-->[com.google.android.gms:play-services-measurement:17.2.3] AndroidManifest.xml:36:13-35
122            android:exported="true"
122-->[com.google.android.gms:play-services-measurement:17.2.3] AndroidManifest.xml:37:13-36
123            android:permission="android.permission.INSTALL_PACKAGES" >
123-->[com.google.android.gms:play-services-measurement:17.2.3] AndroidManifest.xml:38:13-69
124            <intent-filter>
124-->[com.google.android.gms:play-services-measurement:17.2.3] AndroidManifest.xml:39:13-41:29
125                <action android:name="com.android.vending.INSTALL_REFERRER" />
125-->[com.google.android.gms:play-services-measurement:17.2.3] AndroidManifest.xml:40:17-79
125-->[com.google.android.gms:play-services-measurement:17.2.3] AndroidManifest.xml:40:25-76
126            </intent-filter>
127        </receiver>
128
129        <service
129-->[com.google.android.gms:play-services-measurement:17.2.3] AndroidManifest.xml:44:9-47:40
130            android:name="com.google.android.gms.measurement.AppMeasurementService"
130-->[com.google.android.gms:play-services-measurement:17.2.3] AndroidManifest.xml:45:13-84
131            android:enabled="true"
131-->[com.google.android.gms:play-services-measurement:17.2.3] AndroidManifest.xml:46:13-35
132            android:exported="false" />
132-->[com.google.android.gms:play-services-measurement:17.2.3] AndroidManifest.xml:47:13-37
133        <service
133-->[com.google.android.gms:play-services-measurement:17.2.3] AndroidManifest.xml:48:9-52:72
134            android:name="com.google.android.gms.measurement.AppMeasurementJobService"
134-->[com.google.android.gms:play-services-measurement:17.2.3] AndroidManifest.xml:49:13-87
135            android:enabled="true"
135-->[com.google.android.gms:play-services-measurement:17.2.3] AndroidManifest.xml:50:13-35
136            android:exported="false"
136-->[com.google.android.gms:play-services-measurement:17.2.3] AndroidManifest.xml:51:13-37
137            android:permission="android.permission.BIND_JOB_SERVICE" />
137-->[com.google.android.gms:play-services-measurement:17.2.3] AndroidManifest.xml:52:13-69
138
139        <provider
139-->[com.google.firebase:firebase-common:19.3.0] AndroidManifest.xml:26:9-30:39
140            android:name="com.google.firebase.provider.FirebaseInitProvider"
140-->[com.google.firebase:firebase-common:19.3.0] AndroidManifest.xml:27:13-77
141            android:authorities="com.br.projetofinal.firebaseinitprovider"
141-->[com.google.firebase:firebase-common:19.3.0] AndroidManifest.xml:28:13-72
142            android:exported="false"
142-->[com.google.firebase:firebase-common:19.3.0] AndroidManifest.xml:29:13-37
143            android:initOrder="100" />
143-->[com.google.firebase:firebase-common:19.3.0] AndroidManifest.xml:30:13-36
144
145        <meta-data
145-->[com.google.android.gms:play-services-basement:17.0.0] AndroidManifest.xml:23:9-25:69
146            android:name="com.google.android.gms.version"
146-->[com.google.android.gms:play-services-basement:17.0.0] AndroidManifest.xml:24:13-58
147            android:value="@integer/google_play_services_version" />
147-->[com.google.android.gms:play-services-basement:17.0.0] AndroidManifest.xml:25:13-66
148
149        <provider
149-->[androidx.lifecycle:lifecycle-process:2.2.0] AndroidManifest.xml:25:9-29:43
150            android:name="androidx.lifecycle.ProcessLifecycleOwnerInitializer"
150-->[androidx.lifecycle:lifecycle-process:2.2.0] AndroidManifest.xml:26:13-79
151            android:authorities="com.br.projetofinal.lifecycle-process"
151-->[androidx.lifecycle:lifecycle-process:2.2.0] AndroidManifest.xml:27:13-69
152            android:exported="false"
152-->[androidx.lifecycle:lifecycle-process:2.2.0] AndroidManifest.xml:28:13-37
153            android:multiprocess="true" />
153-->[androidx.lifecycle:lifecycle-process:2.2.0] AndroidManifest.xml:29:13-40
154    </application>
155
156</manifest>